<?xml version="1.0" encoding="UTF-8"?>
<testsuite name="TestSuite" time="27.838" tests="21" errors="0" skipped="0" failures="0">
  <properties>
    <property name="java.runtime.name" value="OpenJDK Runtime Environment"/>
    <property name="sun.boot.library.path" value="/usr/lib/jvm/java-8-openjdk-amd64/jre/lib/amd64"/>
    <property name="java.vm.version" value="25.252-b09"/>
    <property name="java.vm.vendor" value="Private Build"/>
    <property name="maven.multiModuleProjectDirectory" value="/home/wahidkhan74gmai/eclipse-workspace/phase5-selenium-testng-03-12-2022"/>
    <property name="java.vendor.url" value="http://java.oracle.com/"/>
    <property name="path.separator" value=":"/>
    <property name="guice.disable.misplaced.annotation.check" value="true"/>
    <property name="java.vm.name" value="OpenJDK 64-Bit Server VM"/>
    <property name="file.encoding.pkg" value="sun.io"/>
    <property name="user.country" value="US"/>
    <property name="sun.java.launcher" value="SUN_STANDARD"/>
    <property name="sun.os.patch.level" value="unknown"/>
    <property name="java.vm.specification.name" value="Java Virtual Machine Specification"/>
    <property name="user.dir" value="/home/wahidkhan74gmai/eclipse-workspace/phase5-selenium-testng-03-12-2022"/>
    <property name="java.runtime.version" value="1.8.0_252-8u252-b09-1~16.04-b09"/>
    <property name="java.awt.graphicsenv" value="sun.awt.X11GraphicsEnvironment"/>
    <property name="java.endorsed.dirs" value="/usr/lib/jvm/java-8-openjdk-amd64/jre/lib/endorsed"/>
    <property name="os.arch" value="amd64"/>
    <property name="java.io.tmpdir" value="/tmp"/>
    <property name="line.separator" value="&#10;"/>
    <property name="java.vm.specification.vendor" value="Oracle Corporation"/>
    <property name="os.name" value="Linux"/>
    <property name="classworlds.conf" value="/home/wahidkhan74gmai/eclipse-workspace/.metadata/.plugins/org.eclipse.m2e.launching/launches/m2conf8375040002942701345.tmp"/>
    <property name="sun.jnu.encoding" value="UTF-8"/>
    <property name="java.library.path" value="/usr/java/packages/lib/amd64:/usr/lib/x86_64-linux-gnu/jni:/lib/x86_64-linux-gnu:/usr/lib/x86_64-linux-gnu:/usr/lib/jni:/lib:/usr/lib"/>
    <property name="java.specification.name" value="Java Platform API Specification"/>
    <property name="java.class.version" value="52.0"/>
    <property name="sun.management.compiler" value="HotSpot 64-Bit Tiered Compilers"/>
    <property name="os.version" value="4.4.0-1111-aws"/>
    <property name="user.home" value="/home/wahidkhan74gmai"/>
    <property name="user.timezone" value="Etc/UTC"/>
    <property name="java.awt.printerjob" value="sun.print.PSPrinterJob"/>
    <property name="file.encoding" value="UTF-8"/>
    <property name="java.specification.version" value="1.8"/>
    <property name="user.name" value="wahidkhan74gmai"/>
    <property name="java.class.path" value="/opt/eclipse/plugins/org.eclipse.m2e.maven.runtime_1.9.1.20180912-1600/jars/plexus-classworlds-2.5.2.jar"/>
    <property name="java.vm.specification.version" value="1.8"/>
    <property name="sun.arch.data.model" value="64"/>
    <property name="java.home" value="/usr/lib/jvm/java-8-openjdk-amd64/jre"/>
    <property name="sun.java.command" value="org.codehaus.plexus.classworlds.launcher.Launcher -B test"/>
    <property name="java.specification.vendor" value="Oracle Corporation"/>
    <property name="user.language" value="en"/>
    <property name="awt.toolkit" value="sun.awt.X11.XToolkit"/>
    <property name="java.vm.info" value="mixed mode"/>
    <property name="java.version" value="1.8.0_252"/>
    <property name="java.ext.dirs" value="/usr/lib/jvm/java-8-openjdk-amd64/jre/lib/ext:/usr/java/packages/lib/ext"/>
    <property name="securerandom.source" value="file:/dev/./urandom"/>
    <property name="sun.boot.class.path" value="/usr/lib/jvm/java-8-openjdk-amd64/jre/lib/resources.jar:/usr/lib/jvm/java-8-openjdk-amd64/jre/lib/rt.jar:/usr/lib/jvm/java-8-openjdk-amd64/jre/lib/sunrsasign.jar:/usr/lib/jvm/java-8-openjdk-amd64/jre/lib/jsse.jar:/usr/lib/jvm/java-8-openjdk-amd64/jre/lib/jce.jar:/usr/lib/jvm/java-8-openjdk-amd64/jre/lib/charsets.jar:/usr/lib/jvm/java-8-openjdk-amd64/jre/lib/jfr.jar:/usr/lib/jvm/java-8-openjdk-amd64/jre/classes"/>
    <property name="java.vendor" value="Private Build"/>
    <property name="maven.home" value="/home/wahidkhan74gmai/eclipse-workspace/phase5-selenium-testng-03-12-2022/EMBEDDED"/>
    <property name="file.separator" value="/"/>
    <property name="java.vendor.url.bug" value="http://bugreport.sun.com/bugreport/"/>
    <property name="sun.cpu.endian" value="little"/>
    <property name="sun.io.unicode.encoding" value="UnicodeLittle"/>
    <property name="sun.cpu.isalist" value=""/>
  </properties>
  <testcase name="testOne" classname="com.simplilearn.webapptest.TestNGStandardAnnotationTest" time="0.002"/>
  <testcase name="testThree" classname="com.simplilearn.webapptest.TestNGStandardAnnotationTest" time="0.001"/>
  <testcase name="testTwo" classname="com.simplilearn.webapptest.TestNGStandardAnnotationTest" time="0.004"/>
  <testcase name="hardAssetionTest" classname="com.simplilearn.webapptest.TestNgAssertionDemo" time="0"/>
  <testcase name="softAssertTest" classname="com.simplilearn.webapptest.TestNgAssertionDemo" time="0.002"/>
  <testcase name="launchChromeTest" classname="com.simplilearn.webapptest.group.BrowserBasedGroupTest" time="3.692"/>
  <testcase name="testHomePageSourceUrl" classname="com.simplilearn.webapptest.amazon.AmazonHomepageTest" time="0.873"/>
  <testcase name="testHomePageTitle" classname="com.simplilearn.webapptest.amazon.AmazonHomepageTest" time="0.765"/>
  <testcase name="launchFireFoxTest" classname="com.simplilearn.webapptest.group.BrowserBasedGroupTest" time="2.636"/>
  <testcase name="testFaceBookHomePage" classname="com.simplilearn.webapptest.group.BrowserBasedGroupTest" time="0.009"/>
  <testcase name="testHomePageTitle" classname="com.simplilearn.webapptest.group.BrowserBasedGroupTest" time="0.037"/>
  <testcase name="testFieldsLogin" classname="com.simplilearn.webapptest.group.BrowserBasedGroupTest" time="0.274"/>
  <testcase name="testHomePageSourceUrl" classname="com.simplilearn.webapptest.group.BrowserBasedGroupTest" time="0.01"/>
  <testcase name="testFailureLogin" classname="com.simplilearn.webapptest.group.BrowserBasedGroupTest" time="0.202"/>
  <testcase name="closeFireFox" classname="com.simplilearn.webapptest.group.BrowserBasedGroupTest" time="0.367"/>
  <testcase name="testSearchBar" classname="com.simplilearn.webapptest.group.BrowserBasedGroupTest" time="3.16"/>
  <testcase name="closeChrome" classname="com.simplilearn.webapptest.group.BrowserBasedGroupTest" time="0.125"/>
  <testcase name="testSearchBar" classname="com.simplilearn.webapptest.amazon.AmazonHomepageTest" time="0.505"/>
  <testcase name="testBestSellerNavLink" classname="com.simplilearn.webapptest.amazon.AmazonNavigationLinkTest" time="5.192"/>
  <testcase name="testElectronicsNavLink" classname="com.simplilearn.webapptest.amazon.AmazonNavigationLinkTest" time="4.836"/>
  <testcase name="testMobileNavLink" classname="com.simplilearn.webapptest.amazon.AmazonNavigationLinkTest" time="5.146"/>
</testsuite>