<?xml version="1.0" encoding="UTF-8"?>
<!-- Generated by org.testng.reporters.JUnitReportReporter -->
<testsuite skipped="0" hostname="ip-172-31-95-52" name="com.simplilearn.webapptest.amazon.AmazonNavigationLinkTest" tests="3" failures="0" timestamp="2022-03-12T18:02:38 UTC" time="23.305" errors="0">
  <testcase name="testBestSellerNavLink" time="7.623" classname="com.simplilearn.webapptest.amazon.AmazonNavigationLinkTest"/>
  <system-out/>
  <testcase name="testElectronicsNavLink" time="8.394" classname="com.simplilearn.webapptest.amazon.AmazonNavigationLinkTest"/>
  <system-out/>
  <testcase name="testMobileNavLink" time="7.288" classname="com.simplilearn.webapptest.amazon.AmazonNavigationLinkTest"/>
  <system-out/>
</testsuite> <!-- com.simplilearn.webapptest.amazon.AmazonNavigationLinkTest -->
