<?xml version="1.0" encoding="UTF-8"?>
<!-- Generated by org.testng.reporters.JUnitReportReporter -->
<testsuite skipped="0" hostname="ip-172-31-95-52" name="com.simplilearn.webapptest.amazon.AmazonHomepageTest" tests="3" failures="0" timestamp="2022-03-12T18:02:38 UTC" time="12.590" errors="0">
  <testcase name="testSearchBar" time="5.170" classname="com.simplilearn.webapptest.amazon.AmazonHomepageTest"/>
  <system-out/>
  <testcase name="testHomePageSourceUrl" time="3.983" classname="com.simplilearn.webapptest.amazon.AmazonHomepageTest"/>
  <system-out/>
  <testcase name="testHomePageTitle" time="3.437" classname="com.simplilearn.webapptest.amazon.AmazonHomepageTest"/>
  <system-out/>
</testsuite> <!-- com.simplilearn.webapptest.amazon.AmazonHomepageTest -->
